#
# There is insufficient memory for the Java Runtime Environment to continue.
# Native memory allocation (malloc) failed to allocate 166176 bytes for Chunk::new
# Possible reasons:
#   The system is out of physical RAM or swap space
#   The process is running with CompressedOops enabled, and the Java Heap may be blocking the growth of the native heap
# Possible solutions:
#   Reduce memory load on the system
#   Increase physical memory or swap space
#   Check if swap backing store is full
#   Decrease Java heap size (-Xmx/-Xms)
#   Decrease number of Java threads
#   Decrease Java thread stack sizes (-Xss)
#   Set larger code cache with -XX:ReservedCodeCacheSize=
#   JVM is running with Unscaled Compressed Oops mode in which the Java heap is
#     placed in the first 4GB address space. The Java Heap base address is the
#     maximum limit for the native heap growth. Please use -XX:HeapBaseMinAddress
#     to set the Java Heap base and to place the Java Heap above 4GB virtual address.
# This output file may be truncated or incomplete.
#
#  Out of Memory Error (allocation.cpp:389), pid=24556, tid=0x0000000000003518
#
# JRE version: Java(TM) SE Runtime Environment (8.0_221-b11) (build 1.8.0_221-b11)
# Java VM: Java HotSpot(TM) 64-Bit Server VM (25.221-b11 mixed mode windows-amd64 compressed oops)
# Failed to write core dump. Minidumps are not enabled by default on client versions of Windows
#

---------------  T H R E A D  ---------------

Current thread (0x000000001598f800):  JavaThread "C2 CompilerThread1" daemon [_thread_in_native, id=13592, stack(0x00000000170e0000,0x00000000171e0000)]

Stack: [0x00000000170e0000,0x00000000171e0000]
[error occurred during error reporting (printing stack bounds), id 0xc0000005]

Native frames: (J=compiled Java code, j=interpreted, Vv=VM code, C=native code)


Current CompileTask:
C2:4125085 31535       4       scala.collection.immutable.Map$Map2::$plus (6 bytes)


---------------  P R O C E S S  ---------------

Java Threads: ( => current thread )
  0x000000001b05f000 JavaThread "reactivemongo-akka.actor.default-dispatcher-36" [_thread_blocked, id=21164, stack(0x00000000205e0000,0x00000000206e0000)]
  0x000000001b055000 JavaThread "reactivemongo-akka.actor.default-dispatcher-29" [_thread_blocked, id=23656, stack(0x0000000001720000,0x0000000001820000)]
  0x000000001b05c000 JavaThread "reactivemongo-akka.actor.default-dispatcher-23" [_thread_blocked, id=10896, stack(0x0000000021ce0000,0x0000000021de0000)]
  0x00000000337c0800 JavaThread "nioEventLoopGroup-6-8" [_thread_in_native, id=18560, stack(0x0000000020ce0000,0x0000000020de0000)]
  0x00000000337bf800 JavaThread "nioEventLoopGroup-6-7" [_thread_in_native, id=17068, stack(0x00000000209e0000,0x0000000020ae0000)]
  0x00000000337bb000 JavaThread "nioEventLoopGroup-6-6" [_thread_in_native, id=24348, stack(0x0000000036b40000,0x0000000036c40000)]
  0x00000000337bd800 JavaThread "nioEventLoopGroup-6-5" [_thread_in_native, id=18552, stack(0x0000000036a40000,0x0000000036b40000)]
  0x00000000337bc800 JavaThread "nioEventLoopGroup-6-4" [_thread_in_native, id=11532, stack(0x0000000036840000,0x0000000036940000)]
  0x000000001ce64000 JavaThread "nioEventLoopGroup-6-3" [_thread_in_native, id=19312, stack(0x0000000036740000,0x0000000036840000)]
  0x000000001d072000 JavaThread "nioEventLoopGroup-6-2" [_thread_in_native, id=18240, stack(0x0000000036640000,0x0000000036740000)]
  0x0000000015990000 JavaThread "nioEventLoopGroup-6-1" [_thread_in_native, id=24308, stack(0x0000000036540000,0x0000000036640000)]
  0x000000001e100800 JavaThread "reactivemongo-akka.actor.default-dispatcher-6" [_thread_blocked, id=2084, stack(0x0000000036140000,0x0000000036240000)]
  0x0000000018db3800 JavaThread "reactivemongo-scheduler-1" [_thread_blocked, id=9220, stack(0x0000000033220000,0x0000000033320000)]
  0x000000001b05f800 JavaThread "com.google.common.base.internal.Finalizer" daemon [_thread_blocked, id=16192, stack(0x0000000024530000,0x0000000024630000)]
  0x000000001b058000 JavaThread "__DEFAULT__" daemon [_thread_blocked, id=12036, stack(0x0000000024320000,0x0000000024420000)]
  0x000000001b05c800 JavaThread "application-scheduler-1" [_thread_blocked, id=7616, stack(0x0000000020de0000,0x0000000020ee0000)]
  0x000000001b05b000 JavaThread "AsyncAppender-Worker-ASYNCSTDOUT" daemon [_thread_blocked, id=7440, stack(0x0000000001620000,0x0000000001720000)]
  0x000000001b054800 JavaThread "AsyncAppender-Worker-ASYNCFILE" daemon [_thread_blocked, id=17708, stack(0x0000000001520000,0x0000000001620000)]
  0x000000001c388000 JavaThread "com.google.common.base.internal.Finalizer" daemon [_thread_blocked, id=18276, stack(0x0000000025190000,0x0000000025290000)]
  0x000000001d06c800 JavaThread "Scala Presentation Compiler []" daemon [_thread_blocked, id=20420, stack(0x0000000025a90000,0x0000000025b90000)]
  0x0000000018db0800 JavaThread "Thread-7" daemon [_thread_in_native, id=24132, stack(0x0000000024430000,0x0000000024530000)]
  0x0000000018daa000 JavaThread "play-dev-mode-akka.io.pinned-dispatcher-7" [_thread_in_native, id=12584, stack(0x0000000023720000,0x0000000023820000)]
  0x000000001e100000 JavaThread "play-dev-mode-scheduler-1" [_thread_blocked, id=20080, stack(0x0000000021e20000,0x0000000021f20000)]
  0x000000001e105000 JavaThread "reloader-timer" daemon [_thread_blocked, id=13032, stack(0x00000000213e0000,0x00000000214e0000)]
  0x000000001e103000 JavaThread "play-watch-service" daemon [_thread_blocked, id=18372, stack(0x00000000211e0000,0x00000000212e0000)]
  0x000000001e0f7000 JavaThread "Thread-1" daemon [_thread_in_native, id=24480, stack(0x00000000210e0000,0x00000000211e0000)]
  0x000000001e0fc000 JavaThread "pool-4-thread-1" [_thread_blocked, id=17960, stack(0x00000000208e0000,0x00000000209e0000)]
  0x000000001e0f9000 JavaThread "sbt-web-akka.actor.default-dispatcher-4" [_thread_blocked, id=344, stack(0x00000000207e0000,0x00000000208e0000)]
  0x0000000015992800 JavaThread "sbt-web-scheduler-1" [_thread_blocked, id=8580, stack(0x0000000020060000,0x0000000020160000)]
  0x000000001730d000 JavaThread "Service Thread" daemon [_thread_blocked, id=22764, stack(0x00000000176e0000,0x00000000177e0000)]
  0x0000000015996000 JavaThread "C1 CompilerThread2" daemon [_thread_blocked, id=8456, stack(0x00000000171e0000,0x00000000172e0000)]
=>0x000000001598f800 JavaThread "C2 CompilerThread1" daemon [_thread_in_native, id=13592, stack(0x00000000170e0000,0x00000000171e0000)]
  0x0000000015986800 JavaThread "C2 CompilerThread0" daemon [_thread_in_native, id=18188, stack(0x0000000016fe0000,0x00000000170e0000)]
  0x0000000015984000 JavaThread "Attach Listener" daemon [_thread_blocked, id=9792, stack(0x0000000016ee0000,0x0000000016fe0000)]
  0x0000000015982800 JavaThread "Signal Dispatcher" daemon [_thread_blocked, id=20860, stack(0x0000000016de0000,0x0000000016ee0000)]
  0x00000000032ac000 JavaThread "Finalizer" daemon [_thread_blocked, id=17588, stack(0x0000000016be0000,0x0000000016ce0000)]
  0x00000000032a3000 JavaThread "Reference Handler" daemon [_thread_blocked, id=20868, stack(0x0000000016ae0000,0x0000000016be0000)]
  0x00000000031b3000 JavaThread "main" [_thread_blocked, id=21424, stack(0x00000000030b0000,0x00000000031b0000)]

Other Threads:
  0x0000000015947800 VMThread [stack: 0x00000000169e0000,0x0000000016ae0000] [id=6264]
  0x000000001732e000 WatcherThread [stack: 0x00000000177e0000,0x00000000178e0000] [id=13432]

VM state:not at safepoint (normal execution)

VM Mutex/Monitor currently owned by a thread: None

heap address: 0x00000000c0000000, size: 1024 MB, Compressed Oops mode: 32-bit
Narrow klass base: 0x0000000000000000, Narrow klass shift: 3
Compressed class space size: 1073741824 Address: 0x0000000100000000

Heap:
 PSYoungGen      total 258048K, used 138711K [0x00000000eab00000, 0x00000000ffb80000, 0x0000000100000000)
  eden space 176640K, 73% used [0x00000000eab00000,0x00000000f2a8bf58,0x00000000f5780000)
  from space 81408K, 9% used [0x00000000fac00000,0x00000000fb3e9e60,0x00000000ffb80000)
  to   space 83968K, 0% used [0x00000000f5780000,0x00000000f5780000,0x00000000fa980000)
 ParOldGen       total 699392K, used 261845K [0x00000000c0000000, 0x00000000eab00000, 0x00000000eab00000)
  object space 699392K, 37% used [0x00000000c0000000,0x00000000cffb56f8,0x00000000eab00000)
 Metaspace       used 178922K, capacity 191243K, committed 191552K, reserved 1212416K
  class space    used 28035K, capacity 28937K, committed 28992K, reserved 1048576K

Card table byte_map: [0x0000000012670000,0x0000000012880000] byte_map_base: 0x0000000012070000

Marking Bits: (ParMarkBitMap*) 0x0000000066415ce0
 Begin Bits: [0x0000000012de0000, 0x0000000013de0000)
 End Bits:   [0x0000000013de0000, 0x0000000014de0000)

Polling page: 0x0000000001410000

CodeCache: size=245760Kb used=76190Kb max_used=76226Kb free=169569Kb
 bounds [0x00000000032b0000, 0x0000000007da0000, 0x00000000122b0000]
 total_blobs=26828 nmethods=26023 adapters=712
 compilation: enabled

Compilation events (10 events):
Event: 4045.118 Thread 0x0000000015996000 nmethod 31531 0x00000000062b5f50 code [0x00000000062b60a0, 0x00000000062b61b0]
Event: 4045.120 Thread 0x0000000015986800 nmethod 31530 0x0000000004b5ec10 code [0x0000000004b5ed60, 0x0000000004b5ef18]
Event: 4075.013 Thread 0x000000001598f800 31532   !   4       sun.nio.ch.SelectorImpl::lockAndDoSelect (72 bytes)
Event: 4075.187 Thread 0x000000001598f800 nmethod 31532 0x0000000004bac890 code [0x0000000004bac9e0, 0x0000000004bad2c8]
Event: 4085.012 Thread 0x0000000015986800 31533       4       sun.security.ssl.ProtocolVersion::valueOf (122 bytes)
Event: 4085.016 Thread 0x0000000015996000 31534       3       akka.dispatch.UnboundedMailbox$MessageQueue::enqueue (7 bytes)
Event: 4085.018 Thread 0x0000000015986800 nmethod 31533 0x0000000004d40d50 code [0x0000000004d40ea0, 0x0000000004d40f78]
Event: 4085.049 Thread 0x0000000015996000 nmethod 31534 0x0000000004b5e590 code [0x0000000004b5e700, 0x0000000004b5eaa8]
Event: 4124.989 Thread 0x000000001598f800 31535       4       scala.collection.immutable.Map$Map2::$plus (6 bytes)
Event: 4124.994 Thread 0x0000000015986800 31536       4       akka.dispatch.BatchingExecutor::execute (106 bytes)

GC Heap History (10 events):
Event: 969.596 GC heap before
{Heap before GC invocations=34 (full 9):
 PSYoungGen      total 196608K, used 31470K [0x00000000eab00000, 0x00000000ff300000, 0x0000000100000000)
  eden space 164864K, 0% used [0x00000000eab00000,0x00000000eab00000,0x00000000f4c00000)
  from space 31744K, 99% used [0x00000000f4c00000,0x00000000f6abb948,0x00000000f6b00000)
  to   space 85504K, 0% used [0x00000000f9f80000,0x00000000f9f80000,0x00000000ff300000)
 ParOldGen       total 699392K, used 247860K [0x00000000c0000000, 0x00000000eab00000, 0x00000000eab00000)
  object space 699392K, 35% used [0x00000000c0000000,0x00000000cf20d168,0x00000000eab00000)
 Metaspace       used 177415K, capacity 189717K, committed 190016K, reserved 1210368K
  class space    used 27719K, capacity 28624K, committed 28736K, reserved 1048576K
Event: 970.230 GC heap after
Heap after GC invocations=34 (full 9):
 PSYoungGen      total 196608K, used 0K [0x00000000eab00000, 0x00000000ff300000, 0x0000000100000000)
  eden space 164864K, 0% used [0x00000000eab00000,0x00000000eab00000,0x00000000f4c00000)
  from space 31744K, 0% used [0x00000000f4c00000,0x00000000f4c00000,0x00000000f6b00000)
  to   space 85504K, 0% used [0x00000000f9f80000,0x00000000f9f80000,0x00000000ff300000)
 ParOldGen       total 699392K, used 265861K [0x00000000c0000000, 0x00000000eab00000, 0x00000000eab00000)
  object space 699392K, 38% used [0x00000000c0000000,0x00000000d03a1598,0x00000000eab00000)
 Metaspace       used 175714K, capacity 187781K, committed 190016K, reserved 1210368K
  class space    used 27627K, capacity 28459K, committed 28736K, reserved 1048576K
}
Event: 970.232 GC heap before
{Heap before GC invocations=35 (full 9):
 PSYoungGen      total 196608K, used 698K [0x00000000eab00000, 0x00000000ff300000, 0x0000000100000000)
  eden space 164864K, 0% used [0x00000000eab00000,0x00000000eabaebc0,0x00000000f4c00000)
  from space 31744K, 0% used [0x00000000f4c00000,0x00000000f4c00000,0x00000000f6b00000)
  to   space 85504K, 0% used [0x00000000f9f80000,0x00000000f9f80000,0x00000000ff300000)
 ParOldGen       total 699392K, used 265861K [0x00000000c0000000, 0x00000000eab00000, 0x00000000eab00000)
  object space 699392K, 38% used [0x00000000c0000000,0x00000000d03a1598,0x00000000eab00000)
 Metaspace       used 175717K, capacity 187781K, committed 190016K, reserved 1210368K
  class space    used 27627K, capacity 28459K, committed 28736K, reserved 1048576K
Event: 970.237 GC heap after
Heap after GC invocations=35 (full 9):
 PSYoungGen      total 249344K, used 128K [0x00000000eab00000, 0x00000000ff500000, 0x0000000100000000)
  eden space 163840K, 0% used [0x00000000eab00000,0x00000000eab00000,0x00000000f4b00000)
  from space 85504K, 0% used [0x00000000f9f80000,0x00000000f9fa0000,0x00000000ff300000)
  to   space 86528K, 0% used [0x00000000f4b00000,0x00000000f4b00000,0x00000000f9f80000)
 ParOldGen       total 699392K, used 265861K [0x00000000c0000000, 0x00000000eab00000, 0x00000000eab00000)
  object space 699392K, 38% used [0x00000000c0000000,0x00000000d03a1598,0x00000000eab00000)
 Metaspace       used 175717K, capacity 187781K, committed 190016K, reserved 1210368K
  class space    used 27627K, capacity 28459K, committed 28736K, reserved 1048576K
}
Event: 970.237 GC heap before
{Heap before GC invocations=36 (full 10):
 PSYoungGen      total 249344K, used 128K [0x00000000eab00000, 0x00000000ff500000, 0x0000000100000000)
  eden space 163840K, 0% used [0x00000000eab00000,0x00000000eab00000,0x00000000f4b00000)
  from space 85504K, 0% used [0x00000000f9f80000,0x00000000f9fa0000,0x00000000ff300000)
  to   space 86528K, 0% used [0x00000000f4b00000,0x00000000f4b00000,0x00000000f9f80000)
 ParOldGen       total 699392K, used 265861K [0x00000000c0000000, 0x00000000eab00000, 0x00000000eab00000)
  object space 699392K, 38% used [0x00000000c0000000,0x00000000d03a1598,0x00000000eab00000)
 Metaspace       used 175717K, capacity 187781K, committed 190016K, reserved 1210368K
  class space    used 27627K, capacity 28459K, committed 28736K, reserved 1048576K
Event: 970.627 GC heap after
Heap after GC invocations=36 (full 10):
 PSYoungGen      total 249344K, used 0K [0x00000000eab00000, 0x00000000ff500000, 0x0000000100000000)
  eden space 163840K, 0% used [0x00000000eab00000,0x00000000eab00000,0x00000000f4b00000)
  from space 85504K, 0% used [0x00000000f9f80000,0x00000000f9f80000,0x00000000ff300000)
  to   space 86528K, 0% used [0x00000000f4b00000,0x00000000f4b00000,0x00000000f9f80000)
 ParOldGen       total 699392K, used 261829K [0x00000000c0000000, 0x00000000eab00000, 0x00000000eab00000)
  object space 699392K, 37% used [0x00000000c0000000,0x00000000cffb16f8,0x00000000eab00000)
 Metaspace       used 175717K, capacity 187781K, committed 190016K, reserved 1210368K
  class space    used 27627K, capacity 28459K, committed 28736K, reserved 1048576K
}
Event: 971.646 GC heap before
{Heap before GC invocations=37 (full 10):
 PSYoungGen      total 249344K, used 163840K [0x00000000eab00000, 0x00000000ff500000, 0x0000000100000000)
  eden space 163840K, 100% used [0x00000000eab00000,0x00000000f4b00000,0x00000000f4b00000)
  from space 85504K, 0% used [0x00000000f9f80000,0x00000000f9f80000,0x00000000ff300000)
  to   space 86528K, 0% used [0x00000000f4b00000,0x00000000f4b00000,0x00000000f9f80000)
 ParOldGen       total 699392K, used 261829K [0x00000000c0000000, 0x00000000eab00000, 0x00000000eab00000)
  object space 699392K, 37% used [0x00000000c0000000,0x00000000cffb16f8,0x00000000eab00000)
 Metaspace       used 177629K, capacity 189735K, committed 190144K, reserved 1210368K
  class space    used 27903K, capacity 28789K, committed 28864K, reserved 1048576K
Event: 971.653 GC heap after
Heap after GC invocations=37 (full 10):
 PSYoungGen      total 250368K, used 2696K [0x00000000eab00000, 0x0000000100000000, 0x0000000100000000)
  eden space 163840K, 0% used [0x00000000eab00000,0x00000000eab00000,0x00000000f4b00000)
  from space 86528K, 3% used [0x00000000f4b00000,0x00000000f4da20f8,0x00000000f9f80000)
  to   space 86016K, 0% used [0x00000000fac00000,0x00000000fac00000,0x0000000100000000)
 ParOldGen       total 699392K, used 261837K [0x00000000c0000000, 0x00000000eab00000, 0x00000000eab00000)
  object space 699392K, 37% used [0x00000000c0000000,0x00000000cffb36f8,0x00000000eab00000)
 Metaspace       used 177629K, capacity 189735K, committed 190144K, reserved 1210368K
  class space    used 27903K, capacity 28789K, committed 28864K, reserved 1048576K
}
Event: 1939.580 GC heap before
{Heap before GC invocations=38 (full 10):
 PSYoungGen      total 250368K, used 166536K [0x00000000eab00000, 0x0000000100000000, 0x0000000100000000)
  eden space 163840K, 100% used [0x00000000eab00000,0x00000000f4b00000,0x00000000f4b00000)
  from space 86528K, 3% used [0x00000000f4b00000,0x00000000f4da20f8,0x00000000f9f80000)
  to   space 86016K, 0% used [0x00000000fac00000,0x00000000fac00000,0x0000000100000000)
 ParOldGen       total 699392K, used 261837K [0x00000000c0000000, 0x00000000eab00000, 0x00000000eab00000)
  object space 699392K, 37% used [0x00000000c0000000,0x00000000cffb36f8,0x00000000eab00000)
 Metaspace       used 178884K, capacity 191243K, committed 191552K, reserved 1212416K
  class space    used 28034K, capacity 28937K, committed 28992K, reserved 1048576K
Event: 1939.594 GC heap after
Heap after GC invocations=38 (full 10):
 PSYoungGen      total 258048K, used 8103K [0x00000000eab00000, 0x00000000ffb80000, 0x0000000100000000)
  eden space 176640K, 0% used [0x00000000eab00000,0x00000000eab00000,0x00000000f5780000)
  from space 81408K, 9% used [0x00000000fac00000,0x00000000fb3e9e60,0x00000000ffb80000)
  to   space 83968K, 0% used [0x00000000f5780000,0x00000000f5780000,0x00000000fa980000)
 ParOldGen       total 699392K, used 261845K [0x00000000c0000000, 0x00000000eab00000, 0x00000000eab00000)
  object space 699392K, 37% used [0x00000000c0000000,0x00000000cffb56f8,0x00000000eab00000)
 Metaspace       used 178884K, capacity 191243K, committed 191552K, reserved 1212416K
  class space    used 28034K, capacity 28937K, committed 28992K, reserved 1048576K
}

Deoptimization events (10 events):
Event: 971.837 Thread 0x000000001b05f000 Uncommon trap: reason=unstable_if action=reinterpret pc=0x0000000004924d4c method=java.lang.StringCoding$StringDecoder.decode([BII)[C @ 20
Event: 975.042 Thread 0x00000000337bd800 Uncommon trap: reason=unstable_if action=reinterpret pc=0x00000000043005f0 method=sun.security.util.Cache$EqualByteArray.hashCode()I @ 6
Event: 981.241 Thread 0x000000001ce65000 Uncommon trap: reason=unstable_if action=reinterpret pc=0x00000000046899a8 method=java.lang.ref.SoftReference.get()Ljava/lang/Object; @ 6
Event: 981.248 Thread 0x000000001b061000 Uncommon trap: reason=unstable_if action=reinterpret pc=0x0000000004675c3c method=java.lang.ref.SoftReference.get()Ljava/lang/Object; @ 6
Event: 981.269 Thread 0x000000001b061000 Uncommon trap: reason=unstable_if action=reinterpret pc=0x0000000004952d64 method=java.lang.ref.SoftReference.get()Ljava/lang/Object; @ 6
Event: 981.269 Thread 0x000000001b061000 Uncommon trap: reason=unstable_if action=reinterpret pc=0x000000000458ad34 method=java.lang.ref.SoftReference.get()Ljava/lang/Object; @ 6
Event: 981.322 Thread 0x00000000337bf800 Uncommon trap: reason=unstable_if action=reinterpret pc=0x000000000444d328 method=java.util.concurrent.ThreadPoolExecutor.getTask()Ljava/lang/Runnable; @ 53
Event: 1664.948 Thread 0x000000001e100800 Uncommon trap: reason=unstable_if action=reinterpret pc=0x0000000003d94fec method=java.util.concurrent.ConcurrentLinkedQueue.offer(Ljava/lang/Object;)Z @ 72
Event: 2324.963 Thread 0x000000001b05d800 Uncommon trap: reason=unstable_if action=reinterpret pc=0x00000000046941c0 method=java.util.concurrent.ConcurrentLinkedQueue.offer(Ljava/lang/Object;)Z @ 72
Event: 4004.965 Thread 0x000000001b05f000 Uncommon trap: reason=unstable_if action=reinterpret pc=0x000000000444cfa0 method=java.util.concurrent.ConcurrentLinkedQueue.offer(Ljava/lang/Object;)Z @ 72

Classes redefined (0 events):
No events

Internal exceptions (10 events):
Event: 970.919 Thread 0x000000001ce71000 Exception <a 'java/lang/ArrayIndexOutOfBoundsException'> (0x00000000ede4a480) thrown at [C:\re\workspace\8-2-build-windows-amd64-cygwin\jdk8u221\13320\hotspot\src\share\vm\runtime\sharedRuntime.cpp, line 605]
Event: 970.919 Thread 0x000000001ce71000 Exception <a 'java/lang/ArrayIndexOutOfBoundsException'> (0x00000000ede4dd50) thrown at [C:\re\workspace\8-2-build-windows-amd64-cygwin\jdk8u221\13320\hotspot\src\share\vm\runtime\sharedRuntime.cpp, line 605]
Event: 970.920 Thread 0x000000001ce71000 Exception <a 'java/lang/ArrayIndexOutOfBoundsException'> (0x00000000ede51738) thrown at [C:\re\workspace\8-2-build-windows-amd64-cygwin\jdk8u221\13320\hotspot\src\share\vm\runtime\sharedRuntime.cpp, line 605]
Event: 970.920 Thread 0x000000001ce71000 Exception <a 'java/lang/ArrayIndexOutOfBoundsException'> (0x00000000ede54e10) thrown at [C:\re\workspace\8-2-build-windows-amd64-cygwin\jdk8u221\13320\hotspot\src\share\vm\runtime\sharedRuntime.cpp, line 605]
Event: 970.921 Thread 0x000000001ce71000 Exception <a 'java/lang/ArrayIndexOutOfBoundsException'> (0x00000000ede8c9e0) thrown at [C:\re\workspace\8-2-build-windows-amd64-cygwin\jdk8u221\13320\hotspot\src\share\vm\runtime\sharedRuntime.cpp, line 605]
Event: 970.922 Thread 0x000000001ce71000 Exception <a 'java/lang/ArrayIndexOutOfBoundsException'> (0x00000000ede90b90) thrown at [C:\re\workspace\8-2-build-windows-amd64-cygwin\jdk8u221\13320\hotspot\src\share\vm\runtime\sharedRuntime.cpp, line 605]
Event: 971.009 Thread 0x000000001b054800 Exception <a 'sun/nio/fs/WindowsException'> (0x00000000edf67148) thrown at [C:\re\workspace\8-2-build-windows-amd64-cygwin\jdk8u221\13320\hotspot\src\share\vm\prims\jni.cpp, line 710]
Event: 981.241 Thread 0x000000001ce65000 Implicit null exception at 0x000000000468468c to 0x0000000004689979
Event: 981.248 Thread 0x000000001b061000 Implicit null exception at 0x000000000467078a to 0x0000000004675c0d
Event: 981.269 Thread 0x000000001b061000 Implicit null exception at 0x0000000004952ce7 to 0x0000000004952d55

Events (10 events):
Event: 4084.968 Executing VM operation: RevokeBias done
Event: 4084.968 Executing VM operation: RevokeBias
Event: 4084.974 Executing VM operation: RevokeBias done
Event: 4085.094 Thread 0x0000000015986800 flushing nmethod 0x0000000003e6b150
Event: 4085.102 Thread 0x0000000015986800 flushing nmethod 0x0000000003e902d0
Event: 4085.112 Thread 0x0000000015986800 flushing nmethod 0x0000000003ecd9d0
Event: 4114.971 Executing VM operation: RevokeBias
Event: 4114.972 Executing VM operation: RevokeBias done
Event: 4114.972 Executing VM operation: RevokeBias
Event: 4114.972 Executing VM operation: RevokeBias done


Dynamic libraries:
0x00007ff7b4ed0000 - 0x00007ff7b4f07000 	C:\Program Files\Java\jdk1.8.0_221\bin\java.exe
0x00007ffc24060000 - 0x00007ffc24250000 	C:\WINDOWS\SYSTEM32\ntdll.dll
0x00007ffc22fe0000 - 0x00007ffc23092000 	C:\WINDOWS\System32\KERNEL32.DLL
0x00007ffc219c0000 - 0x00007ffc21c63000 	C:\WINDOWS\System32\KERNELBASE.dll
0x00007ffc22d70000 - 0x00007ffc22e13000 	C:\WINDOWS\System32\ADVAPI32.dll
0x00007ffc23110000 - 0x00007ffc231ae000 	C:\WINDOWS\System32\msvcrt.dll
0x00007ffc23880000 - 0x00007ffc23917000 	C:\WINDOWS\System32\sechost.dll
0x00007ffc232b0000 - 0x00007ffc233d0000 	C:\WINDOWS\System32\RPCRT4.dll
0x00007ffc22140000 - 0x00007ffc222d4000 	C:\WINDOWS\System32\USER32.dll
0x00007ffc21070000 - 0x00007ffc21091000 	C:\WINDOWS\System32\win32u.dll
0x00007ffc22110000 - 0x00007ffc22136000 	C:\WINDOWS\System32\GDI32.dll
0x00007ffc21cf0000 - 0x00007ffc21e84000 	C:\WINDOWS\System32\gdi32full.dll
0x00007ffc210a0000 - 0x00007ffc2113e000 	C:\WINDOWS\System32\msvcp_win.dll
0x00007ffc218c0000 - 0x00007ffc219ba000 	C:\WINDOWS\System32\ucrtbase.dll
0x00007ffc09090000 - 0x00007ffc09315000 	C:\WINDOWS\WinSxS\amd64_microsoft.windows.common-controls_6595b64144ccf1df_6.0.18362.720_none_e6beb5c51314836b\COMCTL32.dll
0x00007ffc23540000 - 0x00007ffc23876000 	C:\WINDOWS\System32\combase.dll
0x00007ffc22090000 - 0x00007ffc22110000 	C:\WINDOWS\System32\bcryptPrimitives.dll
0x00007ffc22a30000 - 0x00007ffc22a5e000 	C:\WINDOWS\System32\IMM32.DLL
0x00000000664a0000 - 0x0000000066572000 	C:\Program Files\Java\jdk1.8.0_221\jre\bin\msvcr100.dll
0x0000000065bf0000 - 0x0000000066495000 	C:\Program Files\Java\jdk1.8.0_221\jre\bin\server\jvm.dll
0x00007ffc233f0000 - 0x00007ffc233f8000 	C:\WINDOWS\System32\PSAPI.DLL
0x00007ffc18a50000 - 0x00007ffc18a74000 	C:\WINDOWS\SYSTEM32\WINMM.dll
0x00007ffc1b1b0000 - 0x00007ffc1b1ba000 	C:\WINDOWS\SYSTEM32\VERSION.dll
0x00007ffc18a20000 - 0x00007ffc18a4d000 	C:\WINDOWS\SYSTEM32\WINMMBASE.dll
0x00007ffc21c70000 - 0x00007ffc21cba000 	C:\WINDOWS\System32\cfgmgr32.dll
0x00007ffc0c950000 - 0x00007ffc0c959000 	C:\WINDOWS\SYSTEM32\WSOCK32.dll
0x00007ffc23920000 - 0x00007ffc2398f000 	C:\WINDOWS\System32\ws2_32.DLL
0x00007ffc197a0000 - 0x00007ffc197af000 	C:\Program Files\Java\jdk1.8.0_221\jre\bin\verify.dll
0x00007ffbcd7a0000 - 0x00007ffbcd7c9000 	C:\Program Files\Java\jdk1.8.0_221\jre\bin\java.dll
0x00007ffbcd6d0000 - 0x00007ffbcd6e6000 	C:\Program Files\Java\jdk1.8.0_221\jre\bin\zip.dll
0x00007ffc222e0000 - 0x00007ffc229c5000 	C:\WINDOWS\System32\SHELL32.dll
0x00007ffc22cc0000 - 0x00007ffc22d69000 	C:\WINDOWS\System32\shcore.dll
0x00007ffc21140000 - 0x00007ffc218c0000 	C:\WINDOWS\System32\windows.storage.dll
0x00007ffc20f50000 - 0x00007ffc20f73000 	C:\WINDOWS\System32\profapi.dll
0x00007ffc20f80000 - 0x00007ffc20fca000 	C:\WINDOWS\System32\powrprof.dll
0x00007ffc20f20000 - 0x00007ffc20f30000 	C:\WINDOWS\System32\UMPDC.dll
0x00007ffc230b0000 - 0x00007ffc23102000 	C:\WINDOWS\System32\shlwapi.dll
0x00007ffc20f30000 - 0x00007ffc20f41000 	C:\WINDOWS\System32\kernel.appcore.dll
0x00007ffc20ff0000 - 0x00007ffc21007000 	C:\WINDOWS\System32\cryptsp.dll
0x00007ffbcd5c0000 - 0x00007ffbcd5da000 	C:\Program Files\Java\jdk1.8.0_221\jre\bin\net.dll
0x00007ffc0f6b0000 - 0x00007ffc0f885000 	C:\WINDOWS\SYSTEM32\urlmon.dll
0x00007ffc0f9b0000 - 0x00007ffc0fc56000 	C:\WINDOWS\SYSTEM32\iertutil.dll
0x00007ffc20960000 - 0x00007ffc2096c000 	C:\WINDOWS\SYSTEM32\CRYPTBASE.DLL
0x00007ffc20790000 - 0x00007ffc207f7000 	C:\WINDOWS\system32\mswsock.dll
0x00007ffbcd460000 - 0x00007ffbcd472000 	C:\Program Files\Java\jdk1.8.0_221\jre\bin\nio.dll
0x00007ffc20300000 - 0x00007ffc20333000 	C:\WINDOWS\system32\rsaenh.dll
0x00007ffc21cc0000 - 0x00007ffc21ce6000 	C:\WINDOWS\System32\bcrypt.dll
0x00007ffc20e40000 - 0x00007ffc20e65000 	C:\WINDOWS\SYSTEM32\USERENV.dll
0x00007ffc204a0000 - 0x00007ffc204da000 	C:\WINDOWS\SYSTEM32\IPHLPAPI.DLL
0x00007ffc230a0000 - 0x00007ffc230a8000 	C:\WINDOWS\System32\NSI.dll
0x00007ffc18200000 - 0x00007ffc18216000 	C:\WINDOWS\SYSTEM32\dhcpcsvc6.DLL
0x00007ffc18840000 - 0x00007ffc1885c000 	C:\WINDOWS\SYSTEM32\dhcpcsvc.DLL
0x00007ffc204e0000 - 0x00007ffc205aa000 	C:\WINDOWS\SYSTEM32\DNSAPI.dll
0x00007ffc17c50000 - 0x00007ffc17c5a000 	C:\Users\dnyua\AppData\Local\Temp\jansi-64-1-3124838019303145990.11
0x00007ffbcc350000 - 0x00007ffbcc374000 	C:\Program Files\Java\jdk1.8.0_221\jre\bin\sunec.dll
0x00007ffc17990000 - 0x00007ffc1799b000 	C:\Program Files\Java\jdk1.8.0_221\jre\bin\sunmscapi.dll
0x00007ffc21e90000 - 0x00007ffc21fd9000 	C:\WINDOWS\System32\CRYPT32.dll
0x00007ffc20fd0000 - 0x00007ffc20fe2000 	C:\WINDOWS\System32\MSASN1.dll
0x00007ffc1c480000 - 0x00007ffc1c496000 	C:\WINDOWS\system32\napinsp.dll
0x00007ffbf8510000 - 0x00007ffbf852a000 	C:\WINDOWS\system32\pnrpnsp.dll
0x00007ffc1bc30000 - 0x00007ffc1bc3e000 	C:\WINDOWS\System32\winrnr.dll
0x00007ffc19ff0000 - 0x00007ffc1a00c000 	C:\WINDOWS\system32\NLAapi.dll
0x00007ffc1c810000 - 0x00007ffc1c825000 	C:\WINDOWS\system32\wshbth.dll
0x00007ffc1a1c0000 - 0x00007ffc1a1ca000 	C:\Windows\System32\rasadhlp.dll
0x00007ffc16970000 - 0x00007ffc169e7000 	C:\WINDOWS\System32\fwpuclnt.dll
0x00007ffc1c230000 - 0x00007ffc1c23d000 	C:\Program Files\Java\jdk1.8.0_221\jre\bin\management.dll

VM Arguments:
jvm_args: -Dfile.encoding=UTF8 -Djline.terminal=none -Dsbt.log.noformat=true -Dsbt.global.base=C:\Users\dnyua\AppData\Local\Temp\sbt-global-plugin2stub -Xms512M -Xmx1024M -Xss1M -XX:+CMSClassUnloadingEnabled -XX:MaxPermSize=256M 
java_command: xsbt.boot.Boot project recipies_new_play_version run
java_class_path (initial): C:\Users\dnyua\.IntelliJIdea2019.3\config\plugins\Scala\launcher\sbt-launch.jar
Launcher Type: SUN_STANDARD

Environment Variables:
JAVA_HOME=C:\Program Files\Java\jdk-11.0.6
PATH=C:\Program Files (x86)\Common Files\Oracle\Java\javapath;C:\WINDOWS\system32;C:\WINDOWS;C:\WINDOWS\System32\Wbem;C:\WINDOWS\System32\WindowsPowerShell\v1.0\;C:\WINDOWS\System32\OpenSSH\;C:\Program Files (x86)\Intel\Intel(R) Management Engine Components\DAL;C:\Program Files\Intel\Intel(R) Management Engine Components\DAL;C:\Program Files (x86)\Intel\Intel(R) Management Engine Components\IPT;C:\Program Files\Intel\Intel(R) Management Engine Components\IPT;C:\Program Files\Git\cmd;C:\Program Files\Java\jdk-11.0.6\bin;C:\Program Files (x86)\sbt\bin;C:\Program Files\MySQL\MySQL Shell 8.0\bin\;C:\Users\dnyua\AppData\Local\Microsoft\WindowsApps;
USERNAME=dnyua
OS=Windows_NT
PROCESSOR_IDENTIFIER=Intel64 Family 6 Model 142 Stepping 9, GenuineIntel



---------------  S Y S T E M  ---------------

OS: Windows 10.0 , 64 bit Build 18362 (10.0.18362.329)

CPU:total 4 (initial active 4) (2 cores per cpu, 2 threads per core) family 6 model 142 stepping 9, cmov, cx8, fxsr, mmx, sse, sse2, sse3, ssse3, sse4.1, sse4.2, popcnt, avx, avx2, aes, clmul, erms, 3dnowpref, lzcnt, ht, tsc, tscinvbit, bmi1, bmi2, adx

Memory: 4k page, physical 8254372k(575104k free), swap 23722016k(0k free)

vm_info: Java HotSpot(TM) 64-Bit Server VM (25.221-b11) for windows-amd64 JRE (1.8.0_221-b11), built on Jul  4 2019 04:39:29 by "java_re" with MS VC++ 10.0 (VS2010)

time: Wed Apr 01 12:37:03 2020
timezone: GMT Summer Time
elapsed time: 4125 seconds (0d 1h 8m 45s)

